[17508:5520:0624/011731.967:WARNING:chrome_main_delegate.cc(742)] This is Chrome version 126.0.6478.114 (not a warning)
[17508:5520:0624/011732.062:INFO:chrome_browser_cloud_management_controller.cc(196)] No machine level policy manager exists.
[17508:5520:0624/011732.114:WARNING:browser_management_service.cc(128)] EnterpriseLogoUrl fetch failed with error code -1 and MIME type 
[18552:17804:0624/011732.700:ERROR:command_buffer_proxy_impl.cc(132)] ContextResult::kTransientFailure: Failed to send GpuControl.CreateCommandBuffer.
[17508:5520:0624/011733.763:INFO:CONSOLE(0)] "Error with Permissions-Policy header: Unrecognized feature: 'battery'.", source:  (0)
[17508:5520:0624/011733.764:INFO:CONSOLE(0)] "Error with Permissions-Policy header: Unrecognized feature: 'usb-unrestricted'.", source:  (0)
[17508:5520:0624/011733.824:INFO:CONSOLE(132)] "Event handler of 'x-storagemutated-1' event must be added on the initial evaluation of worker script.", source: https://static.whatsapp.net/rsrc.php/v3/y1/r/HfoRcbeJkqv.js?_nc_x=Ij3Wp8lg5Kz (132)
[17508:5520:0624/011744.188:INFO:CONSOLE(132)] "Event handler of 'x-storagemutated-1' event must be added on the initial evaluation of worker script.", source: https://static.whatsapp.net/rsrc.php/v3/y1/r/HfoRcbeJkqv.js?_nc_x=Ij3Wp8lg5Kz (132)
[17508:5520:0624/011753.188:INFO:CONSOLE(17)] "Uncaught (in promise) DbOnLogoutAbortError: dropping db read operation due to logout", source: https://static.whatsapp.net/rsrc.php/v3/yP/r/OJUkItTyEQe.js?_nc_x=Ij3Wp8lg5Kz (17)
[17508:5520:0624/011753.189:INFO:CONSOLE(17)] "Uncaught (in promise) DbOnLogoutAbortError: dropping db read operation due to logout", source: https://static.whatsapp.net/rsrc.php/v3/yP/r/OJUkItTyEQe.js?_nc_x=Ij3Wp8lg5Kz (17)
[17508:5520:0624/011753.190:INFO:CONSOLE(17)] "Uncaught (in promise) DbOnLogoutAbortError: dropping db read operation due to logout", source: https://static.whatsapp.net/rsrc.php/v3/yP/r/OJUkItTyEQe.js?_nc_x=Ij3Wp8lg5Kz (17)
[17508:5520:0624/011753.191:INFO:CONSOLE(17)] "Uncaught (in promise) DbOnLogoutAbortError: dropping db read operation due to logout", source: https://static.whatsapp.net/rsrc.php/v3/yP/r/OJUkItTyEQe.js?_nc_x=Ij3Wp8lg5Kz (17)
[17508:5520:0624/011753.192:INFO:CONSOLE(17)] "Uncaught (in promise) DbOnLogoutAbortError: dropping db read operation due to logout", source: https://static.whatsapp.net/rsrc.php/v3/yP/r/OJUkItTyEQe.js?_nc_x=Ij3Wp8lg5Kz (17)
[17508:5520:0624/011753.192:INFO:CONSOLE(17)] "Uncaught (in promise) DbOnLogoutAbortError: dropping db read operation due to logout", source: https://static.whatsapp.net/rsrc.php/v3/yP/r/OJUkItTyEQe.js?_nc_x=Ij3Wp8lg5Kz (17)
[17508:5520:0624/011753.193:INFO:CONSOLE(17)] "Uncaught (in promise) DbOnLogoutAbortError: dropping db read operation due to logout", source: https://static.whatsapp.net/rsrc.php/v3/yP/r/OJUkItTyEQe.js?_nc_x=Ij3Wp8lg5Kz (17)
[17508:5520:0624/011753.193:INFO:CONSOLE(17)] "Uncaught (in promise) DbOnLogoutAbortError: dropping db read operation due to logout", source: https://static.whatsapp.net/rsrc.php/v3/yP/r/OJUkItTyEQe.js?_nc_x=Ij3Wp8lg5Kz (17)
[17508:5520:0624/011753.194:INFO:CONSOLE(17)] "Uncaught (in promise) DbOnLogoutAbortError: dropping db read operation due to logout", source: https://static.whatsapp.net/rsrc.php/v3/yP/r/OJUkItTyEQe.js?_nc_x=Ij3Wp8lg5Kz (17)
[17508:5520:0624/011753.194:INFO:CONSOLE(17)] "Uncaught (in promise) DbOnLogoutAbortError: dropping db read operation due to logout", source: https://static.whatsapp.net/rsrc.php/v3/yP/r/OJUkItTyEQe.js?_nc_x=Ij3Wp8lg5Kz (17)
[17508:5520:0624/011753.195:INFO:CONSOLE(17)] "Uncaught (in promise) DbOnLogoutAbortError: dropping db read operation due to logout", source: https://static.whatsapp.net/rsrc.php/v3/yP/r/OJUkItTyEQe.js?_nc_x=Ij3Wp8lg5Kz (17)
[17508:5520:0624/011753.196:INFO:CONSOLE(17)] "Uncaught (in promise) DbOnLogoutAbortError: dropping db read operation due to logout", source: https://static.whatsapp.net/rsrc.php/v3/yP/r/OJUkItTyEQe.js?_nc_x=Ij3Wp8lg5Kz (17)
[17508:5520:0624/011753.196:INFO:CONSOLE(17)] "Uncaught (in promise) DbOnLogoutAbortError: dropping db read operation due to logout", source: https://static.whatsapp.net/rsrc.php/v3/yP/r/OJUkItTyEQe.js?_nc_x=Ij3Wp8lg5Kz (17)
[17508:5520:0624/011753.196:INFO:CONSOLE(17)] "Uncaught (in promise) DbOnLogoutAbortError: dropping db read operation due to logout", source: https://static.whatsapp.net/rsrc.php/v3/yP/r/OJUkItTyEQe.js?_nc_x=Ij3Wp8lg5Kz (17)
[17508:5520:0624/011753.197:INFO:CONSOLE(17)] "Uncaught (in promise) DbOnLogoutAbortError: dropping db read operation due to logout", source: https://static.whatsapp.net/rsrc.php/v3/yP/r/OJUkItTyEQe.js?_nc_x=Ij3Wp8lg5Kz (17)
[17508:5520:0624/011753.197:INFO:CONSOLE(17)] "Uncaught (in promise) DbOnLogoutAbortError: dropping db read operation due to logout", source: https://static.whatsapp.net/rsrc.php/v3/yP/r/OJUkItTyEQe.js?_nc_x=Ij3Wp8lg5Kz (17)
[17508:5520:0624/011753.198:INFO:CONSOLE(17)] "Uncaught (in promise) DbOnLogoutAbortError: dropping db read operation due to logout", source: https://static.whatsapp.net/rsrc.php/v3/yP/r/OJUkItTyEQe.js?_nc_x=Ij3Wp8lg5Kz (17)
[17508:5520:0624/011753.198:INFO:CONSOLE(17)] "Uncaught (in promise) DbOnLogoutAbortError: dropping db read operation due to logout", source: https://static.whatsapp.net/rsrc.php/v3/yP/r/OJUkItTyEQe.js?_nc_x=Ij3Wp8lg5Kz (17)
[17508:5520:0624/011753.198:INFO:CONSOLE(17)] "Uncaught (in promise) DbOnLogoutAbortError: dropping db read operation due to logout", source: https://static.whatsapp.net/rsrc.php/v3/yP/r/OJUkItTyEQe.js?_nc_x=Ij3Wp8lg5Kz (17)
[17508:5520:0624/011753.199:INFO:CONSOLE(17)] "Uncaught (in promise) DbOnLogoutAbortError: dropping db read operation due to logout", source: https://static.whatsapp.net/rsrc.php/v3/yP/r/OJUkItTyEQe.js?_nc_x=Ij3Wp8lg5Kz (17)
[17508:5520:0624/011753.199:INFO:CONSOLE(17)] "Uncaught (in promise) DbOnLogoutAbortError: dropping db read operation due to logout", source: https://static.whatsapp.net/rsrc.php/v3/yP/r/OJUkItTyEQe.js?_nc_x=Ij3Wp8lg5Kz (17)
[17508:5520:0624/011753.199:INFO:CONSOLE(17)] "Uncaught (in promise) DbOnLogoutAbortError: dropping db read operation due to logout", source: https://static.whatsapp.net/rsrc.php/v3/yP/r/OJUkItTyEQe.js?_nc_x=Ij3Wp8lg5Kz (17)
[17508:5520:0624/011753.200:INFO:CONSOLE(17)] "Uncaught (in promise) DbOnLogoutAbortError: dropping db read operation due to logout", source: https://static.whatsapp.net/rsrc.php/v3/yP/r/OJUkItTyEQe.js?_nc_x=Ij3Wp8lg5Kz (17)
[17508:5520:0624/011753.200:INFO:CONSOLE(17)] "Uncaught (in promise) DbOnLogoutAbortError: dropping db read operation due to logout", source: https://static.whatsapp.net/rsrc.php/v3/yP/r/OJUkItTyEQe.js?_nc_x=Ij3Wp8lg5Kz (17)
[17508:5520:0624/011753.201:INFO:CONSOLE(17)] "Uncaught (in promise) DbOnLogoutAbortError: dropping db read operation due to logout", source: https://static.whatsapp.net/rsrc.php/v3/yP/r/OJUkItTyEQe.js?_nc_x=Ij3Wp8lg5Kz (17)
[17508:5520:0624/011753.201:INFO:CONSOLE(17)] "Uncaught (in promise) DbOnLogoutAbortError: dropping db read operation due to logout", source: https://static.whatsapp.net/rsrc.php/v3/yP/r/OJUkItTyEQe.js?_nc_x=Ij3Wp8lg5Kz (17)
[17508:5520:0624/011753.201:INFO:CONSOLE(17)] "Uncaught (in promise) DbOnLogoutAbortError: dropping db read operation due to logout", source: https://static.whatsapp.net/rsrc.php/v3/yP/r/OJUkItTyEQe.js?_nc_x=Ij3Wp8lg5Kz (17)
[17508:5520:0624/011753.202:INFO:CONSOLE(17)] "Uncaught (in promise) DbOnLogoutAbortError: dropping db read operation due to logout", source: https://static.whatsapp.net/rsrc.php/v3/yP/r/OJUkItTyEQe.js?_nc_x=Ij3Wp8lg5Kz (17)
[17508:5520:0624/011753.202:INFO:CONSOLE(17)] "Uncaught (in promise) DbOnLogoutAbortError: dropping db read operation due to logout", source: https://static.whatsapp.net/rsrc.php/v3/yP/r/OJUkItTyEQe.js?_nc_x=Ij3Wp8lg5Kz (17)
[17508:5520:0624/011753.202:INFO:CONSOLE(17)] "Uncaught (in promise) DbOnLogoutAbortError: dropping db read operation due to logout", source: https://static.whatsapp.net/rsrc.php/v3/yP/r/OJUkItTyEQe.js?_nc_x=Ij3Wp8lg5Kz (17)
[17508:5520:0624/011754.777:INFO:CONSOLE(0)] "Error with Permissions-Policy header: Unrecognized feature: 'battery'.", source:  (0)
[17508:5520:0624/011754.777:INFO:CONSOLE(0)] "Error with Permissions-Policy header: Unrecognized feature: 'usb-unrestricted'.", source:  (0)
[17508:5520:0624/011757.245:INFO:CONSOLE(132)] "Event handler of 'x-storagemutated-1' event must be added on the initial evaluation of worker script.", source: https://static.whatsapp.net/rsrc.php/v3/y1/r/HfoRcbeJkqv.js?_nc_x=Ij3Wp8lg5Kz (132)
[17508:5520:0624/011822.569:WARNING:pref_notifier_impl.cc(41)] Pref observer for media_router.cast_allow_all_ips found at shutdown.
